2026-02-17 08:02:40.729 [background-preinit] [] INFO  o.h.validator.internal.util.Version - HV000001: Hibernate Validator 6.2.5.Final
2026-02-17 08:02:40.730 [main] [] INFO  c.e.f.c.TransactionControllerTest - Starting TransactionControllerTest using Java 1.8.0_431 on a-1mxnn8n5x5n7z with PID 15870 (started by LOKI-HQ\potua in /home/potua/Downloads/grpc-enterprise-v3/financial-service)
2026-02-17 08:02:40.731 [main] [] DEBUG c.e.f.c.TransactionControllerTest - Running with Spring Boot v2.7.18, Spring v5.3.31
2026-02-17 08:02:40.732 [main] [] INFO  c.e.f.c.TransactionControllerTest - No active profile set, falling back to 1 default profile: "default"
2026-02-17 08:02:41.939 [main] [] INFO  o.s.d.r.c.RepositoryConfigurationDelegate - Bootstrapping Spring Data JPA repositories in DEFAULT mode.
2026-02-17 08:02:41.987 [main] [] INFO  o.s.d.r.c.RepositoryConfigurationDelegate - Finished Spring Data repository scanning in 40 ms. Found 2 JPA repository interfaces.
2026-02-17 08:02:43.011 [main] [] INFO  o.h.jpa.internal.util.LogHelper - HHH000204: Processing PersistenceUnitInfo [name: default]
2026-02-17 08:02:43.100 [main] [] INFO  org.hibernate.Version - HHH000412: Hibernate ORM core version 5.6.15.Final
2026-02-17 08:02:43.161 [main] [] INFO  o.h.annotations.common.Version - HCANN000001: Hibernate Commons Annotations {5.1.2.Final}
2026-02-17 08:02:43.314 [main] [] INFO  com.zaxxer.hikari.HikariDataSource - HikariPool-1 - Starting...
2026-02-17 08:02:43.552 [main] [] INFO  com.zaxxer.hikari.HikariDataSource - HikariPool-1 - Start completed.
2026-02-17 08:02:43.571 [main] [] INFO  org.hibernate.dialect.Dialect - HHH000400: Using dialect: org.hibernate.dialect.H2Dialect
2026-02-17 08:02:44.261 [main] [] INFO  o.h.e.t.j.p.i.JtaPlatformInitiator - HHH000490: Using JtaPlatform implementation: [org.hibernate.engine.transaction.jta.platform.internal.NoJtaPlatform]
2026-02-17 08:02:44.270 [main] [] INFO  o.s.o.j.LocalContainerEntityManagerFactoryBean - Initialized JPA EntityManagerFactory for persistence unit 'default'
2026-02-17 08:02:45.769 [main] [] WARN  o.s.b.a.o.j.JpaBaseConfiguration$JpaWebConfiguration - spring.jpa.open-in-view is enabled by default. Therefore, database queries may be performed during view rendering. Explicitly configure spring.jpa.open-in-view to disable this warning
2026-02-17 08:02:47.749 [main] [] INFO  o.s.b.t.m.w.SpringBootMockServletContext - Initializing Spring TestDispatcherServlet ''
2026-02-17 08:02:47.752 [main] [] INFO  o.s.t.w.s.TestDispatcherServlet - Initializing Servlet ''
2026-02-17 08:02:47.769 [main] [] INFO  o.s.b.a.e.web.EndpointLinksResolver - Exposing 1 endpoint(s) beneath base path '/actuator'
2026-02-17 08:02:47.810 [main] [] INFO  o.s.t.w.s.TestDispatcherServlet - Completed initialization in 57 ms
2026-02-17 08:02:47.869 [main] [] INFO  c.e.f.c.TransactionControllerTest - Started TransactionControllerTest in 7.64 seconds (JVM running for 9.563)
2026-02-17 08:02:48.403 [main] [] INFO  c.e.f.c.TransactionController - POST /api/transactions - accountId=1, type=WITHDRAWAL, amount=300.00
2026-02-17 08:02:48.438 [main] [] INFO  c.e.f.service.FinancialService - Creating transaction: accountId=1, type=WITHDRAWAL, amount=300.00
2026-02-17 08:02:48.457 [main] [] DEBUG c.e.f.service.FinancialService - Withdrawal applied: accountId=1, newBalance=700.0000
2026-02-17 08:02:48.465 [main] [] INFO  c.e.f.service.FinancialService - Transaction created: id=1, accountId=1, type=WITHDRAWAL, amount=300.00
2026-02-17 08:02:48.606 [main] [] INFO  c.e.f.c.TransactionController - POST /api/transactions - accountId=2, type=DEPOSIT, amount=250.00
2026-02-17 08:02:48.607 [main] [] INFO  c.e.f.service.FinancialService - Creating transaction: accountId=2, type=DEPOSIT, amount=250.00
2026-02-17 08:02:48.609 [main] [] DEBUG c.e.f.service.FinancialService - Deposit applied: accountId=2, newBalance=1250.0000
2026-02-17 08:02:48.611 [main] [] INFO  c.e.f.service.FinancialService - Transaction created: id=2, accountId=2, type=DEPOSIT, amount=250.00
2026-02-17 08:02:48.640 [main] [] INFO  c.e.f.c.TransactionController - POST /api/transactions - accountId=3, type=WITHDRAWAL, amount=5000.00
2026-02-17 08:02:48.641 [main] [] INFO  c.e.f.service.FinancialService - Creating transaction: accountId=3, type=WITHDRAWAL, amount=5000.00
2026-02-17 08:02:48.643 [main] [] WARN  c.e.f.service.FinancialService - Insufficient funds for withdrawal: accountId=3, balance=1000.0000, requested=5000.00
2026-02-17 08:02:48.680 [main] [] INFO  c.e.f.c.TransactionController - POST /api/transactions - accountId=4, type=DEPOSIT, amount=100.00
2026-02-17 08:02:48.681 [main] [] INFO  c.e.f.service.FinancialService - Creating transaction: accountId=4, type=DEPOSIT, amount=100.00
2026-02-17 08:02:48.689 [main] [] DEBUG c.e.f.service.FinancialService - Deposit applied: accountId=4, newBalance=1100.0000
2026-02-17 08:02:48.692 [main] [] INFO  c.e.f.service.FinancialService - Transaction created: id=3, accountId=4, type=DEPOSIT, amount=100.00
2026-02-17 08:02:48.699 [main] [] INFO  c.e.f.c.TransactionController - POST /api/transactions - accountId=4, type=WITHDRAWAL, amount=50.00
2026-02-17 08:02:48.701 [main] [] INFO  c.e.f.service.FinancialService - Creating transaction: accountId=4, type=WITHDRAWAL, amount=50.00
2026-02-17 08:02:48.704 [main] [] DEBUG c.e.f.service.FinancialService - Withdrawal applied: accountId=4, newBalance=1050.0000
2026-02-17 08:02:48.707 [main] [] INFO  c.e.f.service.FinancialService - Transaction created: id=4, accountId=4, type=WITHDRAWAL, amount=50.00
2026-02-17 08:02:48.721 [main] [] DEBUG c.e.f.c.TransactionController - GET /api/transactions/account/4
2026-02-17 08:02:48.722 [main] [] DEBUG c.e.f.service.FinancialService - Fetching transactions for accountId=4
2026-02-17 08:02:48.781 [main] [] DEBUG c.e.f.c.TransactionController - GET /api/transactions/account/5
2026-02-17 08:02:48.781 [main] [] DEBUG c.e.f.service.FinancialService - Fetching transactions for accountId=5
2026-02-17 08:02:48.801 [main] [] INFO  o.s.b.t.c.SpringBootTestContextBootstrapper - Neither @ContextConfiguration nor @ContextHierarchy found for test class [com.enterprise.financial.controller.AccountControllerTest], using SpringBootContextLoader
2026-02-17 08:02:48.803 [main] [] INFO  o.s.t.c.s.AbstractContextLoader - Could not detect default resource locations for test class [com.enterprise.financial.controller.AccountControllerTest]: no resource found for suffixes {-context.xml, Context.groovy}.
2026-02-17 08:02:48.804 [main] [] INFO  o.s.t.c.s.AnnotationConfigContextLoaderUtils - Could not detect default configuration classes for test class [com.enterprise.financial.controller.AccountControllerTest]: AccountControllerTest does not declare any static, non-private, non-final, nested classes annotated with @Configuration.
2026-02-17 08:02:48.809 [main] [] INFO  o.s.b.t.c.SpringBootTestContextBootstrapper - Found @SpringBootConfiguration com.enterprise.financial.FinancialApplication for test class com.enterprise.financial.controller.AccountControllerTest
2026-02-17 08:02:48.812 [main] [] INFO  o.s.b.t.c.SpringBootTestContextBootstrapper - Loaded default TestExecutionListener class names from location [META-INF/spring.factories]: [org.springframework.boot.test.mock.mockito.MockitoTestExecutionListener, org.springframework.boot.test.mock.mockito.ResetMocksTestExecutionListener, org.springframework.boot.test.autoconfigure.restdocs.RestDocsTestExecutionListener, org.springframework.boot.test.autoconfigure.web.client.MockRestServiceServerResetTestExecutionListener, org.springframework.boot.test.autoconfigure.web.servlet.MockMvcPrintOnlyOnFailureTestExecutionListener, org.springframework.boot.test.autoconfigure.web.servlet.WebDriverTestExecutionListener, org.springframework.boot.test.autoconfigure.webservices.client.MockWebServiceServerTestExecutionListener, org.springframework.test.context.web.ServletTestExecutionListener, org.springframework.test.context.support.DirtiesContextBeforeModesTestExecutionListener, org.springframework.test.context.event.ApplicationEventsTestExecutionListener, org.springframework.test.context.support.DependencyInjectionTestExecutionListener, org.springframework.test.context.support.DirtiesContextTestExecutionListener, org.springframework.test.context.transaction.TransactionalTestExecutionListener, org.springframework.test.context.jdbc.SqlScriptsTestExecutionListener, org.springframework.test.context.event.EventPublishingTestExecutionListener]
2026-02-17 08:02:48.813 [main] [] INFO  o.s.b.t.c.SpringBootTestContextBootstrapper - Using TestExecutionListeners: [org.springframework.test.context.web.ServletTestExecutionListener@4c02f50, org.springframework.test.context.support.DirtiesContextBeforeModesTestExecutionListener@35852b6, org.springframework.test.context.event.ApplicationEventsTestExecutionListener@27d6ff8c, org.springframework.boot.test.mock.mockito.MockitoTestExecutionListener@105c253a, org.springframework.boot.test.autoconfigure.SpringBootDependencyInjectionTestExecutionListener@156322ce, org.springframework.test.context.support.DirtiesContextTestExecutionListener@546f0f36, org.springframework.test.context.transaction.TransactionalTestExecutionListener@44d5a0a8, org.springframework.test.context.jdbc.SqlScriptsTestExecutionListener@35d128fd, org.springframework.test.context.event.EventPublishingTestExecutionListener@39a809db, org.springframework.boot.test.mock.mockito.ResetMocksTestExecutionListener@1512a767, org.springframework.boot.test.autoconfigure.restdocs.RestDocsTestExecutionListener@7c2b858d, org.springframework.boot.test.autoconfigure.web.client.MockRestServiceServerResetTestExecutionListener@4001dc35, org.springframework.boot.test.autoconfigure.web.servlet.MockMvcPrintOnlyOnFailureTestExecutionListener@399ef33f, org.springframework.boot.test.autoconfigure.web.servlet.WebDriverTestExecutionListener@39b752f4, org.springframework.boot.test.autoconfigure.webservices.client.MockWebServiceServerTestExecutionListener@1990afa2]
2026-02-17 08:02:48.827 [main] [] INFO  c.e.f.controller.AccountController - POST /api/accounts - Creating account for userId=100
2026-02-17 08:02:48.828 [main] [] INFO  c.e.f.service.FinancialService - Creating account for userId=100, type=SAVINGS
2026-02-17 08:02:48.831 [main] [] INFO  c.e.f.service.FinancialService - Account created: id=6, accountNumber=43836DF551EB4849
2026-02-17 08:02:48.863 [main] [] WARN  o.s.w.s.m.s.DefaultHandlerExceptionResolver - Resolved [org.springframework.web.bind.MethodArgumentNotValidException: Validation failed for argument [0] in public org.springframework.http.ResponseEntity<com.enterprise.financial.dto.AccountDTO> com.enterprise.financial.controller.AccountController.createAccount(com.enterprise.financial.dto.CreateAccountRequest): [Field error in object 'createAccountRequest' on field 'userId': rejected value [null]; codes [NotNull.createAccountRequest.userId,NotNull.userId,NotNull.java.lang.Long,NotNull]; arguments [org.springframework.context.support.DefaultMessageSourceResolvable: codes [createAccountRequest.userId,userId]; arguments []; default message [userId]]; default message [User ID is required]] ]
2026-02-17 08:02:48.882 [main] [] DEBUG c.e.f.controller.AccountController - GET /api/accounts/999
2026-02-17 08:02:48.883 [main] [] DEBUG c.e.f.service.FinancialService - Fetching account by id=999
2026-02-17 08:02:48.885 [main] [] WARN  c.e.f.service.FinancialService - Account not found: id=999
2026-02-17 08:02:48.899 [main] [] DEBUG c.e.f.controller.AccountController - GET /api/accounts/7
2026-02-17 08:02:48.900 [main] [] DEBUG c.e.f.service.FinancialService - Fetching account by id=7
2026-02-17 08:02:48.916 [main] [] DEBUG c.e.f.controller.AccountController - GET /api/accounts/user/999
2026-02-17 08:02:48.917 [main] [] DEBUG c.e.f.service.FinancialService - Fetching accounts for userId=999
2026-02-17 08:02:48.937 [main] [] DEBUG c.e.f.controller.AccountController - GET /api/accounts/user/200
2026-02-17 08:02:48.938 [main] [] DEBUG c.e.f.service.FinancialService - Fetching accounts for userId=200
2026-02-17 08:02:49.012 [SpringApplicationShutdownHook] [] INFO  o.s.o.j.LocalContainerEntityManagerFactoryBean - Closing JPA EntityManagerFactory for persistence unit 'default'
2026-02-17 08:02:49.013 [SpringApplicationShutdownHook] [] INFO  o.h.t.s.i.SchemaDropperImpl$DelayedDropActionImpl - HHH000477: Starting delayed evictData of schema as part of SessionFactory shut-down'
2026-02-17 08:02:49.036 [SpringApplicationShutdownHook] [] INFO  com.zaxxer.hikari.HikariDataSource - HikariPool-1 - Shutdown initiated...
2026-02-17 08:02:49.051 [SpringApplicationShutdownHook] [] INFO  com.zaxxer.hikari.HikariDataSource - HikariPool-1 - Shutdown completed.
2026-02-17 08:03:28.828 [background-preinit] [] INFO  o.h.validator.internal.util.Version - HV000001: Hibernate Validator 6.2.5.Final
2026-02-17 08:03:28.835 [main] [] INFO  c.e.f.c.TransactionControllerTest - Starting TransactionControllerTest using Java 1.8.0_431 on a-1mxnn8n5x5n7z with PID 17209 (started by LOKI-HQ\potua in /home/potua/Downloads/grpc-enterprise-v3/financial-service)
2026-02-17 08:03:28.836 [main] [] DEBUG c.e.f.c.TransactionControllerTest - Running with Spring Boot v2.7.18, Spring v5.3.31
2026-02-17 08:03:28.838 [main] [] INFO  c.e.f.c.TransactionControllerTest - No active profile set, falling back to 1 default profile: "default"
2026-02-17 08:03:29.967 [main] [] INFO  o.s.d.r.c.RepositoryConfigurationDelegate - Bootstrapping Spring Data JPA repositories in DEFAULT mode.
2026-02-17 08:03:30.017 [main] [] INFO  o.s.d.r.c.RepositoryConfigurationDelegate - Finished Spring Data repository scanning in 41 ms. Found 2 JPA repository interfaces.
2026-02-17 08:03:31.097 [main] [] INFO  o.h.jpa.internal.util.LogHelper - HHH000204: Processing PersistenceUnitInfo [name: default]
2026-02-17 08:03:31.170 [main] [] INFO  org.hibernate.Version - HHH000412: Hibernate ORM core version 5.6.15.Final
2026-02-17 08:03:31.216 [main] [] INFO  o.h.annotations.common.Version - HCANN000001: Hibernate Commons Annotations {5.1.2.Final}
2026-02-17 08:03:31.341 [main] [] INFO  com.zaxxer.hikari.HikariDataSource - HikariPool-1 - Starting...
2026-02-17 08:03:31.570 [main] [] INFO  com.zaxxer.hikari.HikariDataSource - HikariPool-1 - Start completed.
2026-02-17 08:03:31.588 [main] [] INFO  org.hibernate.dialect.Dialect - HHH000400: Using dialect: org.hibernate.dialect.H2Dialect
2026-02-17 08:03:32.268 [main] [] INFO  o.h.e.t.j.p.i.JtaPlatformInitiator - HHH000490: Using JtaPlatform implementation: [org.hibernate.engine.transaction.jta.platform.internal.NoJtaPlatform]
2026-02-17 08:03:32.279 [main] [] INFO  o.s.o.j.LocalContainerEntityManagerFactoryBean - Initialized JPA EntityManagerFactory for persistence unit 'default'
2026-02-17 08:03:33.831 [main] [] WARN  o.s.b.a.o.j.JpaBaseConfiguration$JpaWebConfiguration - spring.jpa.open-in-view is enabled by default. Therefore, database queries may be performed during view rendering. Explicitly configure spring.jpa.open-in-view to disable this warning
2026-02-17 08:03:35.703 [main] [] INFO  o.s.b.t.m.w.SpringBootMockServletContext - Initializing Spring TestDispatcherServlet ''
2026-02-17 08:03:35.703 [main] [] INFO  o.s.t.w.s.TestDispatcherServlet - Initializing Servlet ''
2026-02-17 08:03:35.718 [main] [] INFO  o.s.b.a.e.web.EndpointLinksResolver - Exposing 1 endpoint(s) beneath base path '/actuator'
2026-02-17 08:03:35.757 [main] [] INFO  o.s.t.w.s.TestDispatcherServlet - Completed initialization in 53 ms
2026-02-17 08:03:35.810 [main] [] INFO  c.e.f.c.TransactionControllerTest - Started TransactionControllerTest in 7.365 seconds (JVM running for 9.451)
2026-02-17 08:03:36.236 [main] [] INFO  c.e.f.c.TransactionController - POST /api/transactions - accountId=1, type=WITHDRAWAL, amount=300.00
2026-02-17 08:03:36.268 [main] [] INFO  c.e.f.service.FinancialService - Creating transaction: accountId=1, type=WITHDRAWAL, amount=300.00
2026-02-17 08:03:36.286 [main] [] DEBUG c.e.f.service.FinancialService - Withdrawal applied: accountId=1, newBalance=700.0000
2026-02-17 08:03:36.294 [main] [] INFO  c.e.f.service.FinancialService - Transaction created: id=1, accountId=1, type=WITHDRAWAL, amount=300.00
2026-02-17 08:03:36.417 [main] [] INFO  c.e.f.c.TransactionController - POST /api/transactions - accountId=2, type=DEPOSIT, amount=250.00
2026-02-17 08:03:36.418 [main] [] INFO  c.e.f.service.FinancialService - Creating transaction: accountId=2, type=DEPOSIT, amount=250.00
2026-02-17 08:03:36.419 [main] [] DEBUG c.e.f.service.FinancialService - Deposit applied: accountId=2, newBalance=1250.0000
2026-02-17 08:03:36.421 [main] [] INFO  c.e.f.service.FinancialService - Transaction created: id=2, accountId=2, type=DEPOSIT, amount=250.00
2026-02-17 08:03:36.466 [main] [] INFO  c.e.f.c.TransactionController - POST /api/transactions - accountId=3, type=WITHDRAWAL, amount=5000.00
2026-02-17 08:03:36.466 [main] [] INFO  c.e.f.service.FinancialService - Creating transaction: accountId=3, type=WITHDRAWAL, amount=5000.00
2026-02-17 08:03:36.468 [main] [] WARN  c.e.f.service.FinancialService - Insufficient funds for withdrawal: accountId=3, balance=1000.0000, requested=5000.00
2026-02-17 08:03:36.497 [main] [] INFO  c.e.f.c.TransactionController - POST /api/transactions - accountId=4, type=DEPOSIT, amount=100.00
2026-02-17 08:03:36.497 [main] [] INFO  c.e.f.service.FinancialService - Creating transaction: accountId=4, type=DEPOSIT, amount=100.00
2026-02-17 08:03:36.499 [main] [] DEBUG c.e.f.service.FinancialService - Deposit applied: accountId=4, newBalance=1100.0000
2026-02-17 08:03:36.501 [main] [] INFO  c.e.f.service.FinancialService - Transaction created: id=3, accountId=4, type=DEPOSIT, amount=100.00
2026-02-17 08:03:36.508 [main] [] INFO  c.e.f.c.TransactionController - POST /api/transactions - accountId=4, type=WITHDRAWAL, amount=50.00
2026-02-17 08:03:36.508 [main] [] INFO  c.e.f.service.FinancialService - Creating transaction: accountId=4, type=WITHDRAWAL, amount=50.00
2026-02-17 08:03:36.510 [main] [] DEBUG c.e.f.service.FinancialService - Withdrawal applied: accountId=4, newBalance=1050.0000
2026-02-17 08:03:36.512 [main] [] INFO  c.e.f.service.FinancialService - Transaction created: id=4, accountId=4, type=WITHDRAWAL, amount=50.00
2026-02-17 08:03:36.522 [main] [] DEBUG c.e.f.c.TransactionController - GET /api/transactions/account/4
2026-02-17 08:03:36.523 [main] [] DEBUG c.e.f.service.FinancialService - Fetching transactions for accountId=4
2026-02-17 08:03:36.567 [main] [] DEBUG c.e.f.c.TransactionController - GET /api/transactions/account/5
2026-02-17 08:03:36.568 [main] [] DEBUG c.e.f.service.FinancialService - Fetching transactions for accountId=5
2026-02-17 08:03:36.581 [main] [] INFO  o.s.b.t.c.SpringBootTestContextBootstrapper - Neither @ContextConfiguration nor @ContextHierarchy found for test class [com.enterprise.financial.controller.AccountControllerTest], using SpringBootContextLoader
2026-02-17 08:03:36.582 [main] [] INFO  o.s.t.c.s.AbstractContextLoader - Could not detect default resource locations for test class [com.enterprise.financial.controller.AccountControllerTest]: no resource found for suffixes {-context.xml, Context.groovy}.
2026-02-17 08:03:36.582 [main] [] INFO  o.s.t.c.s.AnnotationConfigContextLoaderUtils - Could not detect default configuration classes for test class [com.enterprise.financial.controller.AccountControllerTest]: AccountControllerTest does not declare any static, non-private, non-final, nested classes annotated with @Configuration.
2026-02-17 08:03:36.587 [main] [] INFO  o.s.b.t.c.SpringBootTestContextBootstrapper - Found @SpringBootConfiguration com.enterprise.financial.FinancialApplication for test class com.enterprise.financial.controller.AccountControllerTest
2026-02-17 08:03:36.589 [main] [] INFO  o.s.b.t.c.SpringBootTestContextBootstrapper - Loaded default TestExecutionListener class names from location [META-INF/spring.factories]: [org.springframework.boot.test.mock.mockito.MockitoTestExecutionListener, org.springframework.boot.test.mock.mockito.ResetMocksTestExecutionListener, org.springframework.boot.test.autoconfigure.restdocs.RestDocsTestExecutionListener, org.springframework.boot.test.autoconfigure.web.client.MockRestServiceServerResetTestExecutionListener, org.springframework.boot.test.autoconfigure.web.servlet.MockMvcPrintOnlyOnFailureTestExecutionListener, org.springframework.boot.test.autoconfigure.web.servlet.WebDriverTestExecutionListener, org.springframework.boot.test.autoconfigure.webservices.client.MockWebServiceServerTestExecutionListener, org.springframework.test.context.web.ServletTestExecutionListener, org.springframework.test.context.support.DirtiesContextBeforeModesTestExecutionListener, org.springframework.test.context.event.ApplicationEventsTestExecutionListener, org.springframework.test.context.support.DependencyInjectionTestExecutionListener, org.springframework.test.context.support.DirtiesContextTestExecutionListener, org.springframework.test.context.transaction.TransactionalTestExecutionListener, org.springframework.test.context.jdbc.SqlScriptsTestExecutionListener, org.springframework.test.context.event.EventPublishingTestExecutionListener]
2026-02-17 08:03:36.589 [main] [] INFO  o.s.b.t.c.SpringBootTestContextBootstrapper - Using TestExecutionListeners: [org.springframework.test.context.web.ServletTestExecutionListener@707b0b9b, org.springframework.test.context.support.DirtiesContextBeforeModesTestExecutionListener@43ac1fa0, org.springframework.test.context.event.ApplicationEventsTestExecutionListener@2ba7828b, org.springframework.boot.test.mock.mockito.MockitoTestExecutionListener@3e6945c6, org.springframework.boot.test.autoconfigure.SpringBootDependencyInjectionTestExecutionListener@16e6a643, org.springframework.test.context.support.DirtiesContextTestExecutionListener@3514ea20, org.springframework.test.context.transaction.TransactionalTestExecutionListener@223095d3, org.springframework.test.context.jdbc.SqlScriptsTestExecutionListener@5683a326, org.springframework.test.context.event.EventPublishingTestExecutionListener@7574d30b, org.springframework.boot.test.mock.mockito.ResetMocksTestExecutionListener@6723626f, org.springframework.boot.test.autoconfigure.restdocs.RestDocsTestExecutionListener@411bed55, org.springframework.boot.test.autoconfigure.web.client.MockRestServiceServerResetTestExecutionListener@a4aecc3, org.springframework.boot.test.autoconfigure.web.servlet.MockMvcPrintOnlyOnFailureTestExecutionListener@59f59a0a, org.springframework.boot.test.autoconfigure.web.servlet.WebDriverTestExecutionListener@2539ab41, org.springframework.boot.test.autoconfigure.webservices.client.MockWebServiceServerTestExecutionListener@3bd69bf6]
2026-02-17 08:03:36.603 [main] [] INFO  c.e.f.controller.AccountController - POST /api/accounts - Creating account for userId=100
2026-02-17 08:03:36.605 [main] [] INFO  c.e.f.service.FinancialService - Creating account for userId=100, type=SAVINGS
2026-02-17 08:03:36.607 [main] [] INFO  c.e.f.service.FinancialService - Account created: id=6, accountNumber=69B2DB1730274130
2026-02-17 08:03:36.627 [main] [] DEBUG c.e.f.controller.AccountController - GET /api/accounts/999
2026-02-17 08:03:36.628 [main] [] DEBUG c.e.f.service.FinancialService - Fetching account by id=999
2026-02-17 08:03:36.629 [main] [] WARN  c.e.f.service.FinancialService - Account not found: id=999
2026-02-17 08:03:36.659 [main] [] WARN  o.s.w.s.m.s.DefaultHandlerExceptionResolver - Resolved [org.springframework.web.bind.MethodArgumentNotValidException: Validation failed for argument [0] in public org.springframework.http.ResponseEntity<com.enterprise.financial.dto.AccountDTO> com.enterprise.financial.controller.AccountController.createAccount(com.enterprise.financial.dto.CreateAccountRequest): [Field error in object 'createAccountRequest' on field 'userId': rejected value [null]; codes [NotNull.createAccountRequest.userId,NotNull.userId,NotNull.java.lang.Long,NotNull]; arguments [org.springframework.context.support.DefaultMessageSourceResolvable: codes [createAccountRequest.userId,userId]; arguments []; default message [userId]]; default message [User ID is required]] ]
2026-02-17 08:03:36.686 [main] [] DEBUG c.e.f.controller.AccountController - GET /api/accounts/7
2026-02-17 08:03:36.687 [main] [] DEBUG c.e.f.service.FinancialService - Fetching account by id=7
2026-02-17 08:03:36.706 [main] [] DEBUG c.e.f.controller.AccountController - GET /api/accounts/user/999
2026-02-17 08:03:36.707 [main] [] DEBUG c.e.f.service.FinancialService - Fetching accounts for userId=999
2026-02-17 08:03:36.730 [main] [] DEBUG c.e.f.controller.AccountController - GET /api/accounts/user/200
2026-02-17 08:03:36.731 [main] [] DEBUG c.e.f.service.FinancialService - Fetching accounts for userId=200
2026-02-17 08:03:36.792 [SpringApplicationShutdownHook] [] INFO  o.s.o.j.LocalContainerEntityManagerFactoryBean - Closing JPA EntityManagerFactory for persistence unit 'default'
2026-02-17 08:03:36.793 [SpringApplicationShutdownHook] [] INFO  o.h.t.s.i.SchemaDropperImpl$DelayedDropActionImpl - HHH000477: Starting delayed evictData of schema as part of SessionFactory shut-down'
2026-02-17 08:03:36.801 [SpringApplicationShutdownHook] [] INFO  com.zaxxer.hikari.HikariDataSource - HikariPool-1 - Shutdown initiated...
2026-02-17 08:03:36.808 [SpringApplicationShutdownHook] [] INFO  com.zaxxer.hikari.HikariDataSource - HikariPool-1 - Shutdown completed.
