2026-02-17 08:03:50.370 [background-preinit] [] INFO  o.h.validator.internal.util.Version - HV000001: Hibernate Validator 6.2.5.Final
2026-02-17 08:03:50.372 [main] [] INFO  c.e.s.c.ConnectionControllerTest - Starting ConnectionControllerTest using Java 1.8.0_431 on a-1mxnn8n5x5n7z with PID 18481 (started by LOKI-HQ\potua in /home/potua/Downloads/grpc-enterprise-v3/social-service)
2026-02-17 08:03:50.372 [main] [] DEBUG c.e.s.c.ConnectionControllerTest - Running with Spring Boot v2.7.18, Spring v5.3.31
2026-02-17 08:03:50.373 [main] [] INFO  c.e.s.c.ConnectionControllerTest - No active profile set, falling back to 1 default profile: "default"
2026-02-17 08:03:51.932 [main] [] INFO  o.s.d.r.c.RepositoryConfigurationDelegate - Bootstrapping Spring Data JPA repositories in DEFAULT mode.
2026-02-17 08:03:51.998 [main] [] INFO  o.s.d.r.c.RepositoryConfigurationDelegate - Finished Spring Data repository scanning in 56 ms. Found 3 JPA repository interfaces.
2026-02-17 08:03:53.407 [main] [] INFO  o.h.jpa.internal.util.LogHelper - HHH000204: Processing PersistenceUnitInfo [name: default]
2026-02-17 08:03:53.486 [main] [] INFO  org.hibernate.Version - HHH000412: Hibernate ORM core version 5.6.15.Final
2026-02-17 08:03:53.542 [main] [] INFO  o.h.annotations.common.Version - HCANN000001: Hibernate Commons Annotations {5.1.2.Final}
2026-02-17 08:03:53.720 [main] [] INFO  com.zaxxer.hikari.HikariDataSource - HikariPool-1 - Starting...
2026-02-17 08:03:54.011 [main] [] INFO  com.zaxxer.hikari.HikariDataSource - HikariPool-1 - Start completed.
2026-02-17 08:03:54.037 [main] [] INFO  org.hibernate.dialect.Dialect - HHH000400: Using dialect: org.hibernate.dialect.H2Dialect
2026-02-17 08:03:54.877 [main] [] INFO  o.h.e.t.j.p.i.JtaPlatformInitiator - HHH000490: Using JtaPlatform implementation: [org.hibernate.engine.transaction.jta.platform.internal.NoJtaPlatform]
2026-02-17 08:03:54.891 [main] [] INFO  o.s.o.j.LocalContainerEntityManagerFactoryBean - Initialized JPA EntityManagerFactory for persistence unit 'default'
2026-02-17 08:03:56.298 [main] [] WARN  o.s.b.a.o.j.JpaBaseConfiguration$JpaWebConfiguration - spring.jpa.open-in-view is enabled by default. Therefore, database queries may be performed during view rendering. Explicitly configure spring.jpa.open-in-view to disable this warning
2026-02-17 08:03:57.931 [main] [] INFO  o.s.b.t.m.w.SpringBootMockServletContext - Initializing Spring TestDispatcherServlet ''
2026-02-17 08:03:57.932 [main] [] INFO  o.s.t.w.s.TestDispatcherServlet - Initializing Servlet ''
2026-02-17 08:03:57.944 [main] [] INFO  o.s.b.a.e.web.EndpointLinksResolver - Exposing 1 endpoint(s) beneath base path '/actuator'
2026-02-17 08:03:57.988 [main] [] INFO  o.s.t.w.s.TestDispatcherServlet - Completed initialization in 56 ms
2026-02-17 08:03:58.073 [main] [] INFO  c.e.s.c.ConnectionControllerTest - Started ConnectionControllerTest in 8.143 seconds (JVM running for 10.215)
2026-02-17 08:03:58.493 [main] [] INFO  c.e.s.c.ConnectionController - PUT /api/connections/1/accept
2026-02-17 08:03:58.530 [main] [] INFO  c.e.social.service.SocialService - Accepting connection: connectionId=1
2026-02-17 08:03:58.553 [main] [] INFO  c.e.social.service.SocialService - Connection accepted: id=1, userId=1 <-> connectedUserId=2
2026-02-17 08:03:58.757 [main] [] DEBUG c.e.s.c.ConnectionController - GET /api/connections/user/1 status=ACCEPTED
2026-02-17 08:03:58.760 [main] [] DEBUG c.e.social.service.SocialService - Fetching connections for userId=1, status=ACCEPTED
2026-02-17 08:03:58.871 [main] [] INFO  c.e.s.c.ConnectionController - POST /api/connections - userId=1 -> connectedUserId=2
2026-02-17 08:03:58.872 [main] [] INFO  c.e.social.service.SocialService - Sending connection request: userId=1 -> connectedUserId=2
2026-02-17 08:03:58.885 [main] [] INFO  o.s.b.t.c.SpringBootTestContextBootstrapper - Neither @ContextConfiguration nor @ContextHierarchy found for test class [com.enterprise.social.controller.PostControllerTest], using SpringBootContextLoader
2026-02-17 08:03:58.886 [main] [] INFO  o.s.t.c.s.AbstractContextLoader - Could not detect default resource locations for test class [com.enterprise.social.controller.PostControllerTest]: no resource found for suffixes {-context.xml, Context.groovy}.
2026-02-17 08:03:58.886 [main] [] INFO  o.s.t.c.s.AnnotationConfigContextLoaderUtils - Could not detect default configuration classes for test class [com.enterprise.social.controller.PostControllerTest]: PostControllerTest does not declare any static, non-private, non-final, nested classes annotated with @Configuration.
2026-02-17 08:03:58.891 [main] [] INFO  o.s.b.t.c.SpringBootTestContextBootstrapper - Found @SpringBootConfiguration com.enterprise.social.SocialApplication for test class com.enterprise.social.controller.PostControllerTest
2026-02-17 08:03:58.893 [main] [] INFO  o.s.b.t.c.SpringBootTestContextBootstrapper - Loaded default TestExecutionListener class names from location [META-INF/spring.factories]: [org.springframework.boot.test.mock.mockito.MockitoTestExecutionListener, org.springframework.boot.test.mock.mockito.ResetMocksTestExecutionListener, org.springframework.boot.test.autoconfigure.restdocs.RestDocsTestExecutionListener, org.springframework.boot.test.autoconfigure.web.client.MockRestServiceServerResetTestExecutionListener, org.springframework.boot.test.autoconfigure.web.servlet.MockMvcPrintOnlyOnFailureTestExecutionListener, org.springframework.boot.test.autoconfigure.web.servlet.WebDriverTestExecutionListener, org.springframework.boot.test.autoconfigure.webservices.client.MockWebServiceServerTestExecutionListener, org.springframework.test.context.web.ServletTestExecutionListener, org.springframework.test.context.support.DirtiesContextBeforeModesTestExecutionListener, org.springframework.test.context.event.ApplicationEventsTestExecutionListener, org.springframework.test.context.support.DependencyInjectionTestExecutionListener, org.springframework.test.context.support.DirtiesContextTestExecutionListener, org.springframework.test.context.transaction.TransactionalTestExecutionListener, org.springframework.test.context.jdbc.SqlScriptsTestExecutionListener, org.springframework.test.context.event.EventPublishingTestExecutionListener]
2026-02-17 08:03:58.894 [main] [] INFO  o.s.b.t.c.SpringBootTestContextBootstrapper - Using TestExecutionListeners: [org.springframework.test.context.web.ServletTestExecutionListener@7ceb432c, org.springframework.test.context.support.DirtiesContextBeforeModesTestExecutionListener@4f143176, org.springframework.test.context.event.ApplicationEventsTestExecutionListener@12568b11, org.springframework.boot.test.mock.mockito.MockitoTestExecutionListener@4f8186a5, org.springframework.boot.test.autoconfigure.SpringBootDependencyInjectionTestExecutionListener@69554e5a, org.springframework.test.context.support.DirtiesContextTestExecutionListener@7244d87, org.springframework.test.context.transaction.TransactionalTestExecutionListener@210c4071, org.springframework.test.context.jdbc.SqlScriptsTestExecutionListener@627b5e5b, org.springframework.test.context.event.EventPublishingTestExecutionListener@211ffbd0, org.springframework.boot.test.mock.mockito.ResetMocksTestExecutionListener@472d201, org.springframework.boot.test.autoconfigure.restdocs.RestDocsTestExecutionListener@473e0536, org.springframework.boot.test.autoconfigure.web.client.MockRestServiceServerResetTestExecutionListener@7f8f120c, org.springframework.boot.test.autoconfigure.web.servlet.MockMvcPrintOnlyOnFailureTestExecutionListener@2110b756, org.springframework.boot.test.autoconfigure.web.servlet.WebDriverTestExecutionListener@33e09baf, org.springframework.boot.test.autoconfigure.webservices.client.MockWebServiceServerTestExecutionListener@4c02f50]
2026-02-17 08:03:58.927 [main] [] INFO  c.e.social.controller.PostController - POST /api/posts - userId=1
2026-02-17 08:03:58.928 [main] [] INFO  c.e.social.service.SocialService - Creating post for userId=1
2026-02-17 08:03:58.933 [main] [] INFO  c.e.social.service.SocialService - Post created: id=1, userId=1
2026-02-17 08:03:58.956 [main] [] DEBUG c.e.social.controller.PostController - GET /api/posts/user/1
2026-02-17 08:03:58.957 [main] [] DEBUG c.e.social.service.SocialService - Fetching posts for userId=1
2026-02-17 08:03:58.975 [main] [] INFO  o.s.b.t.c.SpringBootTestContextBootstrapper - Neither @ContextConfiguration nor @ContextHierarchy found for test class [com.enterprise.social.controller.ProfileControllerTest], using SpringBootContextLoader
2026-02-17 08:03:58.976 [main] [] INFO  o.s.t.c.s.AbstractContextLoader - Could not detect default resource locations for test class [com.enterprise.social.controller.ProfileControllerTest]: no resource found for suffixes {-context.xml, Context.groovy}.
2026-02-17 08:03:58.977 [main] [] INFO  o.s.t.c.s.AnnotationConfigContextLoaderUtils - Could not detect default configuration classes for test class [com.enterprise.social.controller.ProfileControllerTest]: ProfileControllerTest does not declare any static, non-private, non-final, nested classes annotated with @Configuration.
2026-02-17 08:03:58.981 [main] [] INFO  o.s.b.t.c.SpringBootTestContextBootstrapper - Found @SpringBootConfiguration com.enterprise.social.SocialApplication for test class com.enterprise.social.controller.ProfileControllerTest
2026-02-17 08:03:58.986 [main] [] INFO  o.s.b.t.c.SpringBootTestContextBootstrapper - Loaded default TestExecutionListener class names from location [META-INF/spring.factories]: [org.springframework.boot.test.mock.mockito.MockitoTestExecutionListener, org.springframework.boot.test.mock.mockito.ResetMocksTestExecutionListener, org.springframework.boot.test.autoconfigure.restdocs.RestDocsTestExecutionListener, org.springframework.boot.test.autoconfigure.web.client.MockRestServiceServerResetTestExecutionListener, org.springframework.boot.test.autoconfigure.web.servlet.MockMvcPrintOnlyOnFailureTestExecutionListener, org.springframework.boot.test.autoconfigure.web.servlet.WebDriverTestExecutionListener, org.springframework.boot.test.autoconfigure.webservices.client.MockWebServiceServerTestExecutionListener, org.springframework.test.context.web.ServletTestExecutionListener, org.springframework.test.context.support.DirtiesContextBeforeModesTestExecutionListener, org.springframework.test.context.event.ApplicationEventsTestExecutionListener, org.springframework.test.context.support.DependencyInjectionTestExecutionListener, org.springframework.test.context.support.DirtiesContextTestExecutionListener, org.springframework.test.context.transaction.TransactionalTestExecutionListener, org.springframework.test.context.jdbc.SqlScriptsTestExecutionListener, org.springframework.test.context.event.EventPublishingTestExecutionListener]
2026-02-17 08:03:58.987 [main] [] INFO  o.s.b.t.c.SpringBootTestContextBootstrapper - Using TestExecutionListeners: [org.springframework.test.context.web.ServletTestExecutionListener@18cb7c6, org.springframework.test.context.support.DirtiesContextBeforeModesTestExecutionListener@6608072d, org.springframework.test.context.event.ApplicationEventsTestExecutionListener@38f12596, org.springframework.boot.test.mock.mockito.MockitoTestExecutionListener@7ce09850, org.springframework.boot.test.autoconfigure.SpringBootDependencyInjectionTestExecutionListener@1836228d, org.springframework.test.context.support.DirtiesContextTestExecutionListener@3e216fc9, org.springframework.test.context.transaction.TransactionalTestExecutionListener@fcd300e, org.springframework.test.context.jdbc.SqlScriptsTestExecutionListener@77971bbf, org.springframework.test.context.event.EventPublishingTestExecutionListener@5e9c6d8a, org.springframework.boot.test.mock.mockito.ResetMocksTestExecutionListener@6b760eb7, org.springframework.boot.test.autoconfigure.restdocs.RestDocsTestExecutionListener@ddd0e97, org.springframework.boot.test.autoconfigure.web.client.MockRestServiceServerResetTestExecutionListener@42d8b670, org.springframework.boot.test.autoconfigure.web.servlet.MockMvcPrintOnlyOnFailureTestExecutionListener@7f15639c, org.springframework.boot.test.autoconfigure.web.servlet.WebDriverTestExecutionListener@24cdc97f, org.springframework.boot.test.autoconfigure.webservices.client.MockWebServiceServerTestExecutionListener@4101d2c7]
2026-02-17 08:03:59.012 [main] [] INFO  c.e.s.controller.ProfileController - POST /api/profiles - userId=1
2026-02-17 08:03:59.013 [main] [] INFO  c.e.social.service.SocialService - Creating/updating profile for userId=1
2026-02-17 08:03:59.020 [main] [] INFO  c.e.social.service.SocialService - Profile saved: id=1, userId=1
2026-02-17 08:03:59.044 [main] [] DEBUG c.e.s.controller.ProfileController - GET /api/profiles/user/1
2026-02-17 08:03:59.045 [main] [] DEBUG c.e.social.service.SocialService - Fetching profile for userId=1
2026-02-17 08:03:59.108 [SpringApplicationShutdownHook] [] INFO  o.s.o.j.LocalContainerEntityManagerFactoryBean - Closing JPA EntityManagerFactory for persistence unit 'default'
2026-02-17 08:03:59.109 [SpringApplicationShutdownHook] [] INFO  o.h.t.s.i.SchemaDropperImpl$DelayedDropActionImpl - HHH000477: Starting delayed evictData of schema as part of SessionFactory shut-down'
2026-02-17 08:03:59.127 [SpringApplicationShutdownHook] [] INFO  com.zaxxer.hikari.HikariDataSource - HikariPool-1 - Shutdown initiated...
2026-02-17 08:03:59.136 [SpringApplicationShutdownHook] [] INFO  com.zaxxer.hikari.HikariDataSource - HikariPool-1 - Shutdown completed.
